{
  "RSpec": {
    "coverage": {
      "/home/victorious-flow-1457/tic-tac-toe-rb-online-web-sp-000/lib/tic_tac_toe.rb": [
        null,
        1,
        null,
        null,
        null,
        null,
        null,
        null,
        null,
        null,
        1,
        5,
        5,
        5,
        5,
        5,
        5,
        null,
        null,
        1,
        3,
        3,
        null,
        null,
        1,
        3,
        null,
        null,
        1,
        6,
        null,
        null,
        1,
        3,
        1,
        null,
        2,
        null,
        null
      ]
    },
    "timestamp": 1578111800
  }
}
